<?xml version="1.0" encoding="UTF-8"?>
<!-- Generated by org.testng.reporters.JUnitReportReporter -->
<testsuite hostname="sparqline001" name="org.jhotdraw.draw.AbstractFigureNGTest" tests="2" failures="0" timestamp="5 Nov 2018 11:26:55 GMT" time="0.007" errors="0">
  <testcase name="testChangedWithoutWillChange" time="0.004" classname="org.jhotdraw.draw.AbstractFigureNGTest"/>
  <testcase name="testWillChangeChangedEvents" time="0.003" classname="org.jhotdraw.draw.AbstractFigureNGTest"/>
</testsuite> <!-- org.jhotdraw.draw.AbstractFigureNGTest -->
